<?xml version="1.0" encoding="UTF-8"?>
<testng-results skipped="0" failed="0" total="1" passed="1">
  <reporter-output>
  </reporter-output>
  <suite name="Default suite" duration-ms="24620" started-at="2023-11-18T13:08:29Z" finished-at="2023-11-18T13:08:53Z">
    <groups>
    </groups>
    <test name="Default test" duration-ms="24620" started-at="2023-11-18T13:08:29Z" finished-at="2023-11-18T13:08:53Z">
      <class name="org.project2.Project2">
        <test-method status="PASS" signature="tc1()[pri:0, instance:org.project2.Project2@71be98f5]" name="tc1" is-config="true" duration-ms="32" started-at="2023-11-18T18:38:29Z" finished-at="2023-11-18T18:38:29Z">
          <reporter-output>
          </reporter-output>
        </test-method> <!-- tc1 -->
        <test-method status="PASS" signature="tc5()[pri:0, instance:org.project2.Project2@71be98f5]" name="tc5" is-config="true" duration-ms="16744" started-at="2023-11-18T18:38:29Z" finished-at="2023-11-18T18:38:46Z">
          <reporter-output>
          </reporter-output>
        </test-method> <!-- tc5 -->
        <test-method status="PASS" signature="tc2()[pri:0, instance:org.project2.Project2@71be98f5]" name="tc2" is-config="true" duration-ms="0" started-at="2023-11-18T18:38:46Z" finished-at="2023-11-18T18:38:46Z">
          <reporter-output>
          </reporter-output>
        </test-method> <!-- tc2 -->
        <test-method status="PASS" signature="tc3()[pri:0, instance:org.project2.Project2@71be98f5]" name="tc3" is-config="true" duration-ms="0" started-at="2023-11-18T18:38:46Z" finished-at="2023-11-18T18:38:46Z">
          <reporter-output>
          </reporter-output>
        </test-method> <!-- tc3 -->
        <test-method status="PASS" signature="tc6()[pri:0, instance:org.project2.Project2@71be98f5]" name="tc6" duration-ms="7826" started-at="2023-11-18T18:38:46Z" finished-at="2023-11-18T18:38:53Z">
          <reporter-output>
          </reporter-output>
        </test-method> <!-- tc6 -->
        <test-method status="PASS" signature="tc8()[pri:0, instance:org.project2.Project2@71be98f5]" name="tc8" is-config="true" duration-ms="0" started-at="2023-11-18T18:38:53Z" finished-at="2023-11-18T18:38:53Z">
          <reporter-output>
          </reporter-output>
        </test-method> <!-- tc8 -->
        <test-method status="PASS" signature="tc9()[pri:0, instance:org.project2.Project2@71be98f5]" name="tc9" is-config="true" duration-ms="16" started-at="2023-11-18T18:38:53Z" finished-at="2023-11-18T18:38:53Z">
          <reporter-output>
          </reporter-output>
        </test-method> <!-- tc9 -->
        <test-method status="PASS" signature="tc7()[pri:0, instance:org.project2.Project2@71be98f5]" name="tc7" is-config="true" duration-ms="0" started-at="2023-11-18T18:38:53Z" finished-at="2023-11-18T18:38:53Z">
          <reporter-output>
          </reporter-output>
        </test-method> <!-- tc7 -->
        <test-method status="PASS" signature="tc10()[pri:0, instance:org.project2.Project2@71be98f5]" name="tc10" is-config="true" duration-ms="1" started-at="2023-11-18T18:38:54Z" finished-at="2023-11-18T18:38:54Z">
          <reporter-output>
          </reporter-output>
        </test-method> <!-- tc10 -->
      </class> <!-- org.project2.Project2 -->
    </test> <!-- Default test -->
  </suite> <!-- Default suite -->
</testng-results>
